<?xml version="1.0" encoding="UTF-8"?>
<testsuite xmlns:xsi="http://www.w3.org/2001/XMLSchema-instance" xsi:noNamespaceSchemaLocation="https://maven.apache.org/surefire/maven-surefire-plugin/xsd/surefire-test-report.xsd" name="com.enndfp.test.DouyinApiTest" time="9.258" tests="1" errors="0" skipped="0" failures="0">
  <properties>
    <property name="sun.desktop" value="windows"/>
    <property name="awt.toolkit" value="sun.awt.windows.WToolkit"/>
    <property name="file.encoding.pkg" value="sun.io"/>
    <property name="java.specification.version" value="1.8"/>
    <property name="sun.cpu.isalist" value="amd64"/>
    <property name="sun.jnu.encoding" value="GBK"/>
    <property name="java.class.path" value="E:\planet\enndfp-douyin-backend\douyin-api\target\test-classes;E:\planet\enndfp-douyin-backend\douyin-api\target\classes;E:\planet\enndfp-douyin-backend\douyin-service\target\douyin-service.jar;E:\planet\enndfp-douyin-backend\douyin-mapper\target\douyin-mapper.jar;E:\planet\enndfp-douyin-backend\douyin-model\target\douyin-model.jar;E:\planet\enndfp-douyin-backend\douyin-common\target\douyin-common.jar;D:\product\apache-maven-3.6.1\mvn_resp\org\springframework\boot\spring-boot-starter-web\2.5.4\spring-boot-starter-web-2.5.4.jar;D:\product\apache-maven-3.6.1\mvn_resp\org\springframework\boot\spring-boot-starter-json\2.5.4\spring-boot-starter-json-2.5.4.jar;D:\product\apache-maven-3.6.1\mvn_resp\com\fasterxml\jackson\datatype\jackson-datatype-jdk8\2.12.4\jackson-datatype-jdk8-2.12.4.jar;D:\product\apache-maven-3.6.1\mvn_resp\com\fasterxml\jackson\datatype\jackson-datatype-jsr310\2.12.4\jackson-datatype-jsr310-2.12.4.jar;D:\product\apache-maven-3.6.1\mvn_resp\com\fasterxml\jackson\module\jackson-module-parameter-names\2.12.4\jackson-module-parameter-names-2.12.4.jar;D:\product\apache-maven-3.6.1\mvn_resp\org\springframework\boot\spring-boot-starter-tomcat\2.5.4\spring-boot-starter-tomcat-2.5.4.jar;D:\product\apache-maven-3.6.1\mvn_resp\org\apache\tomcat\embed\tomcat-embed-core\9.0.52\tomcat-embed-core-9.0.52.jar;D:\product\apache-maven-3.6.1\mvn_resp\org\apache\tomcat\embed\tomcat-embed-websocket\9.0.52\tomcat-embed-websocket-9.0.52.jar;D:\product\apache-maven-3.6.1\mvn_resp\org\springframework\spring-web\5.3.9\spring-web-5.3.9.jar;D:\product\apache-maven-3.6.1\mvn_resp\org\springframework\spring-webmvc\5.3.9\spring-webmvc-5.3.9.jar;D:\product\apache-maven-3.6.1\mvn_resp\org\springframework\boot\spring-boot-configuration-processor\2.5.4\spring-boot-configuration-processor-2.5.4.jar;D:\product\apache-maven-3.6.1\mvn_resp\org\springframework\boot\spring-boot-starter-aop\2.5.4\spring-boot-starter-aop-2.5.4.jar;D:\product\apache-maven-3.6.1\mvn_resp\org\aspectj\aspectjweaver\1.9.7\aspectjweaver-1.9.7.jar;D:\product\apache-maven-3.6.1\mvn_resp\org\springframework\boot\spring-boot-starter-data-redis\2.5.4\spring-boot-starter-data-redis-2.5.4.jar;D:\product\apache-maven-3.6.1\mvn_resp\org\springframework\data\spring-data-redis\2.5.4\spring-data-redis-2.5.4.jar;D:\product\apache-maven-3.6.1\mvn_resp\org\springframework\data\spring-data-keyvalue\2.5.4\spring-data-keyvalue-2.5.4.jar;D:\product\apache-maven-3.6.1\mvn_resp\org\springframework\data\spring-data-commons\2.5.4\spring-data-commons-2.5.4.jar;D:\product\apache-maven-3.6.1\mvn_resp\org\springframework\spring-tx\5.3.9\spring-tx-5.3.9.jar;D:\product\apache-maven-3.6.1\mvn_resp\org\springframework\spring-oxm\5.3.9\spring-oxm-5.3.9.jar;D:\product\apache-maven-3.6.1\mvn_resp\org\springframework\spring-context-support\5.3.9\spring-context-support-5.3.9.jar;D:\product\apache-maven-3.6.1\mvn_resp\io\lettuce\lettuce-core\6.1.4.RELEASE\lettuce-core-6.1.4.RELEASE.jar;D:\product\apache-maven-3.6.1\mvn_resp\io\netty\netty-common\4.1.67.Final\netty-common-4.1.67.Final.jar;D:\product\apache-maven-3.6.1\mvn_resp\io\netty\netty-handler\4.1.67.Final\netty-handler-4.1.67.Final.jar;D:\product\apache-maven-3.6.1\mvn_resp\io\netty\netty-resolver\4.1.67.Final\netty-resolver-4.1.67.Final.jar;D:\product\apache-maven-3.6.1\mvn_resp\io\netty\netty-buffer\4.1.67.Final\netty-buffer-4.1.67.Final.jar;D:\product\apache-maven-3.6.1\mvn_resp\io\netty\netty-codec\4.1.67.Final\netty-codec-4.1.67.Final.jar;D:\product\apache-maven-3.6.1\mvn_resp\io\netty\netty-transport\4.1.67.Final\netty-transport-4.1.67.Final.jar;D:\product\apache-maven-3.6.1\mvn_resp\io\projectreactor\reactor-core\3.4.9\reactor-core-3.4.9.jar;D:\product\apache-maven-3.6.1\mvn_resp\org\reactivestreams\reactive-streams\1.0.3\reactive-streams-1.0.3.jar;D:\product\apache-maven-3.6.1\mvn_resp\org\springframework\boot\spring-boot-starter-amqp\2.5.4\spring-boot-starter-amqp-2.5.4.jar;D:\product\apache-maven-3.6.1\mvn_resp\org\springframework\spring-messaging\5.3.9\spring-messaging-5.3.9.jar;D:\product\apache-maven-3.6.1\mvn_resp\org\springframework\amqp\spring-rabbit\2.3.10\spring-rabbit-2.3.10.jar;D:\product\apache-maven-3.6.1\mvn_resp\org\springframework\amqp\spring-amqp\2.3.10\spring-amqp-2.3.10.jar;D:\product\apache-maven-3.6.1\mvn_resp\org\springframework\retry\spring-retry\1.3.1\spring-retry-1.3.1.jar;D:\product\apache-maven-3.6.1\mvn_resp\com\rabbitmq\amqp-client\5.12.0\amqp-client-5.12.0.jar;D:\product\apache-maven-3.6.1\mvn_resp\org\projectlombok\lombok\1.18.20\lombok-1.18.20.jar;D:\product\apache-maven-3.6.1\mvn_resp\com\fasterxml\jackson\core\jackson-core\2.10.2\jackson-core-2.10.2.jar;D:\product\apache-maven-3.6.1\mvn_resp\com\fasterxml\jackson\core\jackson-annotations\2.10.2\jackson-annotations-2.10.2.jar;D:\product\apache-maven-3.6.1\mvn_resp\com\fasterxml\jackson\core\jackson-databind\2.10.2\jackson-databind-2.10.2.jar;D:\product\apache-maven-3.6.1\mvn_resp\commons-codec\commons-codec\1.11\commons-codec-1.11.jar;D:\product\apache-maven-3.6.1\mvn_resp\org\apache\commons\commons-lang3\3.4\commons-lang3-3.4.jar;D:\product\apache-maven-3.6.1\mvn_resp\commons-fileupload\commons-fileupload\1.4\commons-fileupload-1.4.jar;D:\product\apache-maven-3.6.1\mvn_resp\commons-io\commons-io\2.2\commons-io-2.2.jar;D:\product\apache-maven-3.6.1\mvn_resp\com\google\guava\guava\28.2-jre\guava-28.2-jre.jar;D:\product\apache-maven-3.6.1\mvn_resp\com\google\guava\failureaccess\1.0.1\failureaccess-1.0.1.jar;D:\product\apache-maven-3.6.1\mvn_resp\com\google\guava\listenablefuture\9999.0-empty-to-avoid-conflict-with-guava\listenablefuture-9999.0-empty-to-avoid-conflict-with-guava.jar;D:\product\apache-maven-3.6.1\mvn_resp\com\google\code\findbugs\jsr305\3.0.2\jsr305-3.0.2.jar;D:\product\apache-maven-3.6.1\mvn_resp\org\checkerframework\checker-qual\2.10.0\checker-qual-2.10.0.jar;D:\product\apache-maven-3.6.1\mvn_resp\com\google\errorprone\error_prone_annotations\2.3.4\error_prone_annotations-2.3.4.jar;D:\product\apache-maven-3.6.1\mvn_resp\com\google\j2objc\j2objc-annotations\1.3\j2objc-annotations-1.3.jar;D:\product\apache-maven-3.6.1\mvn_resp\joda-time\joda-time\2.10.6\joda-time-2.10.6.jar;D:\product\apache-maven-3.6.1\mvn_resp\cn\hutool\hutool-all\5.8.16\hutool-all-5.8.16.jar;D:\product\apache-maven-3.6.1\mvn_resp\io\minio\minio\8.4.3\minio-8.4.3.jar;D:\product\apache-maven-3.6.1\mvn_resp\com\carrotsearch\thirdparty\simple-xml-safe\2.7.1\simple-xml-safe-2.7.1.jar;D:\product\apache-maven-3.6.1\mvn_resp\com\squareup\okhttp3\okhttp\4.2.2\okhttp-4.2.2.jar;D:\product\apache-maven-3.6.1\mvn_resp\com\squareup\okio\okio\2.2.2\okio-2.2.2.jar;D:\product\apache-maven-3.6.1\mvn_resp\org\jetbrains\kotlin\kotlin-stdlib\1.5.21\kotlin-stdlib-1.5.21.jar;D:\product\apache-maven-3.6.1\mvn_resp\org\jetbrains\annotations\13.0\annotations-13.0.jar;D:\product\apache-maven-3.6.1\mvn_resp\org\jetbrains\kotlin\kotlin-stdlib-common\1.5.21\kotlin-stdlib-common-1.5.21.jar;D:\product\apache-maven-3.6.1\mvn_resp\org\bouncycastle\bcprov-jdk15on\1.69\bcprov-jdk15on-1.69.jar;D:\product\apache-maven-3.6.1\mvn_resp\org\apache\commons\commons-compress\1.21\commons-compress-1.21.jar;D:\product\apache-maven-3.6.1\mvn_resp\org\xerial\snappy\snappy-java\1.1.8.4\snappy-java-1.1.8.4.jar;D:\product\apache-maven-3.6.1\mvn_resp\com\alibaba\fastjson\1.2.15\fastjson-1.2.15.jar;D:\product\apache-maven-3.6.1\mvn_resp\org\apache\httpcomponents\httpclient\4.5.13\httpclient-4.5.13.jar;D:\product\apache-maven-3.6.1\mvn_resp\org\apache\httpcomponents\httpcore\4.4.14\httpcore-4.4.14.jar;D:\product\apache-maven-3.6.1\mvn_resp\commons-lang\commons-lang\2.6\commons-lang-2.6.jar;D:\product\apache-maven-3.6.1\mvn_resp\org\eclipse\jetty\jetty-util\9.4.43.v20210629\jetty-util-9.4.43.v20210629.jar;D:\product\apache-maven-3.6.1\mvn_resp\org\springframework\boot\spring-boot-starter-validation\2.5.4\spring-boot-starter-validation-2.5.4.jar;D:\product\apache-maven-3.6.1\mvn_resp\org\apache\tomcat\embed\tomcat-embed-el\9.0.52\tomcat-embed-el-9.0.52.jar;D:\product\apache-maven-3.6.1\mvn_resp\org\hibernate\validator\hibernate-validator\6.2.0.Final\hibernate-validator-6.2.0.Final.jar;D:\product\apache-maven-3.6.1\mvn_resp\jakarta\validation\jakarta.validation-api\2.0.2\jakarta.validation-api-2.0.2.jar;D:\product\apache-maven-3.6.1\mvn_resp\org\jboss\logging\jboss-logging\3.4.2.Final\jboss-logging-3.4.2.Final.jar;D:\product\apache-maven-3.6.1\mvn_resp\com\mysql\mysql-connector-j\8.0.31\mysql-connector-j-8.0.31.jar;D:\product\apache-maven-3.6.1\mvn_resp\com\google\protobuf\protobuf-java\3.19.4\protobuf-java-3.19.4.jar;D:\product\apache-maven-3.6.1\mvn_resp\org\mybatis\spring\boot\mybatis-spring-boot-starter\2.2.2\mybatis-spring-boot-starter-2.2.2.jar;D:\product\apache-maven-3.6.1\mvn_resp\org\springframework\boot\spring-boot-starter-jdbc\2.5.4\spring-boot-starter-jdbc-2.5.4.jar;D:\product\apache-maven-3.6.1\mvn_resp\com\zaxxer\HikariCP\4.0.3\HikariCP-4.0.3.jar;D:\product\apache-maven-3.6.1\mvn_resp\org\springframework\spring-jdbc\5.3.9\spring-jdbc-5.3.9.jar;D:\product\apache-maven-3.6.1\mvn_resp\org\mybatis\spring\boot\mybatis-spring-boot-autoconfigure\2.2.2\mybatis-spring-boot-autoconfigure-2.2.2.jar;D:\product\apache-maven-3.6.1\mvn_resp\org\mybatis\mybatis\3.5.9\mybatis-3.5.9.jar;D:\product\apache-maven-3.6.1\mvn_resp\org\mybatis\mybatis-spring\2.0.7\mybatis-spring-2.0.7.jar;D:\product\apache-maven-3.6.1\mvn_resp\com\baomidou\mybatis-plus-boot-starter\3.5.2\mybatis-plus-boot-starter-3.5.2.jar;D:\product\apache-maven-3.6.1\mvn_resp\com\baomidou\mybatis-plus\3.5.2\mybatis-plus-3.5.2.jar;D:\product\apache-maven-3.6.1\mvn_resp\com\baomidou\mybatis-plus-extension\3.5.2\mybatis-plus-extension-3.5.2.jar;D:\product\apache-maven-3.6.1\mvn_resp\com\baomidou\mybatis-plus-core\3.5.2\mybatis-plus-core-3.5.2.jar;D:\product\apache-maven-3.6.1\mvn_resp\com\baomidou\mybatis-plus-annotation\3.5.2\mybatis-plus-annotation-3.5.2.jar;D:\product\apache-maven-3.6.1\mvn_resp\org\jetbrains\kotlin\kotlin-stdlib-jdk8\1.5.21\kotlin-stdlib-jdk8-1.5.21.jar;D:\product\apache-maven-3.6.1\mvn_resp\org\jetbrains\kotlin\kotlin-stdlib-jdk7\1.5.21\kotlin-stdlib-jdk7-1.5.21.jar;D:\product\apache-maven-3.6.1\mvn_resp\com\github\pagehelper\pagehelper-spring-boot-starter\1.2.12\pagehelper-spring-boot-starter-1.2.12.jar;D:\product\apache-maven-3.6.1\mvn_resp\com\github\pagehelper\pagehelper-spring-boot-autoconfigure\1.2.12\pagehelper-spring-boot-autoconfigure-1.2.12.jar;D:\product\apache-maven-3.6.1\mvn_resp\com\github\pagehelper\pagehelper\5.1.10\pagehelper-5.1.10.jar;D:\product\apache-maven-3.6.1\mvn_resp\com\github\jsqlparser\jsqlparser\2.0\jsqlparser-2.0.jar;D:\product\apache-maven-3.6.1\mvn_resp\com\github\xiaoymin\knife4j-spring-boot-starter\2.0.9\knife4j-spring-boot-starter-2.0.9.jar;D:\product\apache-maven-3.6.1\mvn_resp\com\github\xiaoymin\knife4j-spring-boot-autoconfigure\2.0.9\knife4j-spring-boot-autoconfigure-2.0.9.jar;D:\product\apache-maven-3.6.1\mvn_resp\com\github\xiaoymin\knife4j-spring\2.0.9\knife4j-spring-2.0.9.jar;D:\product\apache-maven-3.6.1\mvn_resp\com\github\xiaoymin\knife4j-annotations\2.0.9\knife4j-annotations-2.0.9.jar;D:\product\apache-maven-3.6.1\mvn_resp\com\github\xiaoymin\knife4j-core\2.0.9\knife4j-core-2.0.9.jar;D:\product\apache-maven-3.6.1\mvn_resp\org\javassist\javassist\3.25.0-GA\javassist-3.25.0-GA.jar;D:\product\apache-maven-3.6.1\mvn_resp\io\swagger\swagger-models\1.5.22\swagger-models-1.5.22.jar;D:\product\apache-maven-3.6.1\mvn_resp\io\swagger\swagger-annotations\1.5.22\swagger-annotations-1.5.22.jar;D:\product\apache-maven-3.6.1\mvn_resp\io\springfox\springfox-swagger2\2.10.5\springfox-swagger2-2.10.5.jar;D:\product\apache-maven-3.6.1\mvn_resp\io\springfox\springfox-spi\2.10.5\springfox-spi-2.10.5.jar;D:\product\apache-maven-3.6.1\mvn_resp\io\springfox\springfox-core\2.10.5\springfox-core-2.10.5.jar;D:\product\apache-maven-3.6.1\mvn_resp\io\springfox\springfox-schema\2.10.5\springfox-schema-2.10.5.jar;D:\product\apache-maven-3.6.1\mvn_resp\io\springfox\springfox-swagger-common\2.10.5\springfox-swagger-common-2.10.5.jar;D:\product\apache-maven-3.6.1\mvn_resp\io\springfox\springfox-spring-web\2.10.5\springfox-spring-web-2.10.5.jar;D:\product\apache-maven-3.6.1\mvn_resp\io\github\classgraph\classgraph\4.1.7\classgraph-4.1.7.jar;D:\product\apache-maven-3.6.1\mvn_resp\com\fasterxml\classmate\1.5.1\classmate-1.5.1.jar;D:\product\apache-maven-3.6.1\mvn_resp\org\springframework\plugin\spring-plugin-core\2.0.0.RELEASE\spring-plugin-core-2.0.0.RELEASE.jar;D:\product\apache-maven-3.6.1\mvn_resp\org\springframework\plugin\spring-plugin-metadata\2.0.0.RELEASE\spring-plugin-metadata-2.0.0.RELEASE.jar;D:\product\apache-maven-3.6.1\mvn_resp\org\mapstruct\mapstruct\1.3.1.Final\mapstruct-1.3.1.Final.jar;D:\product\apache-maven-3.6.1\mvn_resp\io\springfox\springfox-bean-validators\2.10.5\springfox-bean-validators-2.10.5.jar;D:\product\apache-maven-3.6.1\mvn_resp\io\springfox\springfox-spring-webmvc\2.10.5\springfox-spring-webmvc-2.10.5.jar;D:\product\apache-maven-3.6.1\mvn_resp\com\github\xiaoymin\knife4j-spring-ui\2.0.9\knife4j-spring-ui-2.0.9.jar;D:\product\apache-maven-3.6.1\mvn_resp\com\github\xiaoymin\knife4j-springdoc-ui\3.0.3\knife4j-springdoc-ui-3.0.3.jar;D:\product\apache-maven-3.6.1\mvn_resp\org\springframework\boot\spring-boot-starter-test\2.5.4\spring-boot-starter-test-2.5.4.jar;D:\product\apache-maven-3.6.1\mvn_resp\org\springframework\boot\spring-boot-starter\2.5.4\spring-boot-starter-2.5.4.jar;D:\product\apache-maven-3.6.1\mvn_resp\org\springframework\boot\spring-boot\2.5.4\spring-boot-2.5.4.jar;D:\product\apache-maven-3.6.1\mvn_resp\org\springframework\spring-context\5.3.9\spring-context-5.3.9.jar;D:\product\apache-maven-3.6.1\mvn_resp\org\springframework\spring-aop\5.3.9\spring-aop-5.3.9.jar;D:\product\apache-maven-3.6.1\mvn_resp\org\springframework\spring-beans\5.3.9\spring-beans-5.3.9.jar;D:\product\apache-maven-3.6.1\mvn_resp\org\springframework\spring-expression\5.3.9\spring-expression-5.3.9.jar;D:\product\apache-maven-3.6.1\mvn_resp\org\springframework\boot\spring-boot-autoconfigure\2.5.4\spring-boot-autoconfigure-2.5.4.jar;D:\product\apache-maven-3.6.1\mvn_resp\org\springframework\boot\spring-boot-starter-logging\2.5.4\spring-boot-starter-logging-2.5.4.jar;D:\product\apache-maven-3.6.1\mvn_resp\ch\qos\logback\logback-classic\1.2.5\logback-classic-1.2.5.jar;D:\product\apache-maven-3.6.1\mvn_resp\ch\qos\logback\logback-core\1.2.5\logback-core-1.2.5.jar;D:\product\apache-maven-3.6.1\mvn_resp\org\apache\logging\log4j\log4j-to-slf4j\2.14.1\log4j-to-slf4j-2.14.1.jar;D:\product\apache-maven-3.6.1\mvn_resp\org\apache\logging\log4j\log4j-api\2.14.1\log4j-api-2.14.1.jar;D:\product\apache-maven-3.6.1\mvn_resp\org\slf4j\jul-to-slf4j\1.7.21\jul-to-slf4j-1.7.21.jar;D:\product\apache-maven-3.6.1\mvn_resp\jakarta\annotation\jakarta.annotation-api\1.3.5\jakarta.annotation-api-1.3.5.jar;D:\product\apache-maven-3.6.1\mvn_resp\org\yaml\snakeyaml\1.28\snakeyaml-1.28.jar;D:\product\apache-maven-3.6.1\mvn_resp\org\springframework\boot\spring-boot-test\2.5.4\spring-boot-test-2.5.4.jar;D:\product\apache-maven-3.6.1\mvn_resp\org\springframework\boot\spring-boot-test-autoconfigure\2.5.4\spring-boot-test-autoconfigure-2.5.4.jar;D:\product\apache-maven-3.6.1\mvn_resp\com\jayway\jsonpath\json-path\2.5.0\json-path-2.5.0.jar;D:\product\apache-maven-3.6.1\mvn_resp\net\minidev\json-smart\2.4.7\json-smart-2.4.7.jar;D:\product\apache-maven-3.6.1\mvn_resp\net\minidev\accessors-smart\2.4.7\accessors-smart-2.4.7.jar;D:\product\apache-maven-3.6.1\mvn_resp\org\ow2\asm\asm\9.1\asm-9.1.jar;D:\product\apache-maven-3.6.1\mvn_resp\org\slf4j\slf4j-api\1.7.21\slf4j-api-1.7.21.jar;D:\product\apache-maven-3.6.1\mvn_resp\jakarta\xml\bind\jakarta.xml.bind-api\2.3.3\jakarta.xml.bind-api-2.3.3.jar;D:\product\apache-maven-3.6.1\mvn_resp\jakarta\activation\jakarta.activation-api\1.2.2\jakarta.activation-api-1.2.2.jar;D:\product\apache-maven-3.6.1\mvn_resp\org\assertj\assertj-core\3.19.0\assertj-core-3.19.0.jar;D:\product\apache-maven-3.6.1\mvn_resp\org\hamcrest\hamcrest\2.2\hamcrest-2.2.jar;D:\product\apache-maven-3.6.1\mvn_resp\org\junit\jupiter\junit-jupiter\5.7.2\junit-jupiter-5.7.2.jar;D:\product\apache-maven-3.6.1\mvn_resp\org\junit\jupiter\junit-jupiter-api\5.7.2\junit-jupiter-api-5.7.2.jar;D:\product\apache-maven-3.6.1\mvn_resp\org\apiguardian\apiguardian-api\1.1.0\apiguardian-api-1.1.0.jar;D:\product\apache-maven-3.6.1\mvn_resp\org\opentest4j\opentest4j\1.2.0\opentest4j-1.2.0.jar;D:\product\apache-maven-3.6.1\mvn_resp\org\junit\platform\junit-platform-commons\1.7.2\junit-platform-commons-1.7.2.jar;D:\product\apache-maven-3.6.1\mvn_resp\org\junit\jupiter\junit-jupiter-params\5.7.2\junit-jupiter-params-5.7.2.jar;D:\product\apache-maven-3.6.1\mvn_resp\org\junit\jupiter\junit-jupiter-engine\5.7.2\junit-jupiter-engine-5.7.2.jar;D:\product\apache-maven-3.6.1\mvn_resp\org\junit\platform\junit-platform-engine\1.7.2\junit-platform-engine-1.7.2.jar;D:\product\apache-maven-3.6.1\mvn_resp\org\mockito\mockito-core\3.9.0\mockito-core-3.9.0.jar;D:\product\apache-maven-3.6.1\mvn_resp\net\bytebuddy\byte-buddy\1.10.22\byte-buddy-1.10.22.jar;D:\product\apache-maven-3.6.1\mvn_resp\net\bytebuddy\byte-buddy-agent\1.10.22\byte-buddy-agent-1.10.22.jar;D:\product\apache-maven-3.6.1\mvn_resp\org\objenesis\objenesis\3.2\objenesis-3.2.jar;D:\product\apache-maven-3.6.1\mvn_resp\org\mockito\mockito-junit-jupiter\3.9.0\mockito-junit-jupiter-3.9.0.jar;D:\product\apache-maven-3.6.1\mvn_resp\org\skyscreamer\jsonassert\1.5.0\jsonassert-1.5.0.jar;D:\product\apache-maven-3.6.1\mvn_resp\com\vaadin\external\google\android-json\0.0.20131108.vaadin1\android-json-0.0.20131108.vaadin1.jar;D:\product\apache-maven-3.6.1\mvn_resp\org\springframework\spring-core\5.3.9\spring-core-5.3.9.jar;D:\product\apache-maven-3.6.1\mvn_resp\org\springframework\spring-jcl\5.3.9\spring-jcl-5.3.9.jar;D:\product\apache-maven-3.6.1\mvn_resp\org\springframework\spring-test\5.3.9\spring-test-5.3.9.jar;D:\product\apache-maven-3.6.1\mvn_resp\org\xmlunit\xmlunit-core\2.8.2\xmlunit-core-2.8.2.jar;"/>
    <property name="java.vm.vendor" value="Amazon.com Inc."/>
    <property name="sun.arch.data.model" value="64"/>
    <property name="user.variant" value=""/>
    <property name="java.vendor.url" value="https://aws.amazon.com/corretto/"/>
    <property name="user.timezone" value="Asia/Shanghai"/>
    <property name="java.vm.specification.version" value="1.8"/>
    <property name="os.name" value="Windows 10"/>
    <property name="user.country" value="CN"/>
    <property name="sun.java.launcher" value="SUN_STANDARD"/>
    <property name="sun.boot.library.path" value="D:\product\java\java8\jre\bin"/>
    <property name="sun.java.command" value="C:\Users\冯鹏\AppData\Local\Temp\surefire8703629095392056714\surefirebooter9029992819442277247.jar C:\Users\冯鹏\AppData\Local\Temp\surefire8703629095392056714 2023-11-01T16-08-00_621-jvmRun1 surefire1176560310716094102tmp surefire_06629453242565985599tmp"/>
    <property name="surefire.test.class.path" value="E:\planet\enndfp-douyin-backend\douyin-api\target\test-classes;E:\planet\enndfp-douyin-backend\douyin-api\target\classes;E:\planet\enndfp-douyin-backend\douyin-service\target\douyin-service.jar;E:\planet\enndfp-douyin-backend\douyin-mapper\target\douyin-mapper.jar;E:\planet\enndfp-douyin-backend\douyin-model\target\douyin-model.jar;E:\planet\enndfp-douyin-backend\douyin-common\target\douyin-common.jar;D:\product\apache-maven-3.6.1\mvn_resp\org\springframework\boot\spring-boot-starter-web\2.5.4\spring-boot-starter-web-2.5.4.jar;D:\product\apache-maven-3.6.1\mvn_resp\org\springframework\boot\spring-boot-starter-json\2.5.4\spring-boot-starter-json-2.5.4.jar;D:\product\apache-maven-3.6.1\mvn_resp\com\fasterxml\jackson\datatype\jackson-datatype-jdk8\2.12.4\jackson-datatype-jdk8-2.12.4.jar;D:\product\apache-maven-3.6.1\mvn_resp\com\fasterxml\jackson\datatype\jackson-datatype-jsr310\2.12.4\jackson-datatype-jsr310-2.12.4.jar;D:\product\apache-maven-3.6.1\mvn_resp\com\fasterxml\jackson\module\jackson-module-parameter-names\2.12.4\jackson-module-parameter-names-2.12.4.jar;D:\product\apache-maven-3.6.1\mvn_resp\org\springframework\boot\spring-boot-starter-tomcat\2.5.4\spring-boot-starter-tomcat-2.5.4.jar;D:\product\apache-maven-3.6.1\mvn_resp\org\apache\tomcat\embed\tomcat-embed-core\9.0.52\tomcat-embed-core-9.0.52.jar;D:\product\apache-maven-3.6.1\mvn_resp\org\apache\tomcat\embed\tomcat-embed-websocket\9.0.52\tomcat-embed-websocket-9.0.52.jar;D:\product\apache-maven-3.6.1\mvn_resp\org\springframework\spring-web\5.3.9\spring-web-5.3.9.jar;D:\product\apache-maven-3.6.1\mvn_resp\org\springframework\spring-webmvc\5.3.9\spring-webmvc-5.3.9.jar;D:\product\apache-maven-3.6.1\mvn_resp\org\springframework\boot\spring-boot-configuration-processor\2.5.4\spring-boot-configuration-processor-2.5.4.jar;D:\product\apache-maven-3.6.1\mvn_resp\org\springframework\boot\spring-boot-starter-aop\2.5.4\spring-boot-starter-aop-2.5.4.jar;D:\product\apache-maven-3.6.1\mvn_resp\org\aspectj\aspectjweaver\1.9.7\aspectjweaver-1.9.7.jar;D:\product\apache-maven-3.6.1\mvn_resp\org\springframework\boot\spring-boot-starter-data-redis\2.5.4\spring-boot-starter-data-redis-2.5.4.jar;D:\product\apache-maven-3.6.1\mvn_resp\org\springframework\data\spring-data-redis\2.5.4\spring-data-redis-2.5.4.jar;D:\product\apache-maven-3.6.1\mvn_resp\org\springframework\data\spring-data-keyvalue\2.5.4\spring-data-keyvalue-2.5.4.jar;D:\product\apache-maven-3.6.1\mvn_resp\org\springframework\data\spring-data-commons\2.5.4\spring-data-commons-2.5.4.jar;D:\product\apache-maven-3.6.1\mvn_resp\org\springframework\spring-tx\5.3.9\spring-tx-5.3.9.jar;D:\product\apache-maven-3.6.1\mvn_resp\org\springframework\spring-oxm\5.3.9\spring-oxm-5.3.9.jar;D:\product\apache-maven-3.6.1\mvn_resp\org\springframework\spring-context-support\5.3.9\spring-context-support-5.3.9.jar;D:\product\apache-maven-3.6.1\mvn_resp\io\lettuce\lettuce-core\6.1.4.RELEASE\lettuce-core-6.1.4.RELEASE.jar;D:\product\apache-maven-3.6.1\mvn_resp\io\netty\netty-common\4.1.67.Final\netty-common-4.1.67.Final.jar;D:\product\apache-maven-3.6.1\mvn_resp\io\netty\netty-handler\4.1.67.Final\netty-handler-4.1.67.Final.jar;D:\product\apache-maven-3.6.1\mvn_resp\io\netty\netty-resolver\4.1.67.Final\netty-resolver-4.1.67.Final.jar;D:\product\apache-maven-3.6.1\mvn_resp\io\netty\netty-buffer\4.1.67.Final\netty-buffer-4.1.67.Final.jar;D:\product\apache-maven-3.6.1\mvn_resp\io\netty\netty-codec\4.1.67.Final\netty-codec-4.1.67.Final.jar;D:\product\apache-maven-3.6.1\mvn_resp\io\netty\netty-transport\4.1.67.Final\netty-transport-4.1.67.Final.jar;D:\product\apache-maven-3.6.1\mvn_resp\io\projectreactor\reactor-core\3.4.9\reactor-core-3.4.9.jar;D:\product\apache-maven-3.6.1\mvn_resp\org\reactivestreams\reactive-streams\1.0.3\reactive-streams-1.0.3.jar;D:\product\apache-maven-3.6.1\mvn_resp\org\springframework\boot\spring-boot-starter-amqp\2.5.4\spring-boot-starter-amqp-2.5.4.jar;D:\product\apache-maven-3.6.1\mvn_resp\org\springframework\spring-messaging\5.3.9\spring-messaging-5.3.9.jar;D:\product\apache-maven-3.6.1\mvn_resp\org\springframework\amqp\spring-rabbit\2.3.10\spring-rabbit-2.3.10.jar;D:\product\apache-maven-3.6.1\mvn_resp\org\springframework\amqp\spring-amqp\2.3.10\spring-amqp-2.3.10.jar;D:\product\apache-maven-3.6.1\mvn_resp\org\springframework\retry\spring-retry\1.3.1\spring-retry-1.3.1.jar;D:\product\apache-maven-3.6.1\mvn_resp\com\rabbitmq\amqp-client\5.12.0\amqp-client-5.12.0.jar;D:\product\apache-maven-3.6.1\mvn_resp\org\projectlombok\lombok\1.18.20\lombok-1.18.20.jar;D:\product\apache-maven-3.6.1\mvn_resp\com\fasterxml\jackson\core\jackson-core\2.10.2\jackson-core-2.10.2.jar;D:\product\apache-maven-3.6.1\mvn_resp\com\fasterxml\jackson\core\jackson-annotations\2.10.2\jackson-annotations-2.10.2.jar;D:\product\apache-maven-3.6.1\mvn_resp\com\fasterxml\jackson\core\jackson-databind\2.10.2\jackson-databind-2.10.2.jar;D:\product\apache-maven-3.6.1\mvn_resp\commons-codec\commons-codec\1.11\commons-codec-1.11.jar;D:\product\apache-maven-3.6.1\mvn_resp\org\apache\commons\commons-lang3\3.4\commons-lang3-3.4.jar;D:\product\apache-maven-3.6.1\mvn_resp\commons-fileupload\commons-fileupload\1.4\commons-fileupload-1.4.jar;D:\product\apache-maven-3.6.1\mvn_resp\commons-io\commons-io\2.2\commons-io-2.2.jar;D:\product\apache-maven-3.6.1\mvn_resp\com\google\guava\guava\28.2-jre\guava-28.2-jre.jar;D:\product\apache-maven-3.6.1\mvn_resp\com\google\guava\failureaccess\1.0.1\failureaccess-1.0.1.jar;D:\product\apache-maven-3.6.1\mvn_resp\com\google\guava\listenablefuture\9999.0-empty-to-avoid-conflict-with-guava\listenablefuture-9999.0-empty-to-avoid-conflict-with-guava.jar;D:\product\apache-maven-3.6.1\mvn_resp\com\google\code\findbugs\jsr305\3.0.2\jsr305-3.0.2.jar;D:\product\apache-maven-3.6.1\mvn_resp\org\checkerframework\checker-qual\2.10.0\checker-qual-2.10.0.jar;D:\product\apache-maven-3.6.1\mvn_resp\com\google\errorprone\error_prone_annotations\2.3.4\error_prone_annotations-2.3.4.jar;D:\product\apache-maven-3.6.1\mvn_resp\com\google\j2objc\j2objc-annotations\1.3\j2objc-annotations-1.3.jar;D:\product\apache-maven-3.6.1\mvn_resp\joda-time\joda-time\2.10.6\joda-time-2.10.6.jar;D:\product\apache-maven-3.6.1\mvn_resp\cn\hutool\hutool-all\5.8.16\hutool-all-5.8.16.jar;D:\product\apache-maven-3.6.1\mvn_resp\io\minio\minio\8.4.3\minio-8.4.3.jar;D:\product\apache-maven-3.6.1\mvn_resp\com\carrotsearch\thirdparty\simple-xml-safe\2.7.1\simple-xml-safe-2.7.1.jar;D:\product\apache-maven-3.6.1\mvn_resp\com\squareup\okhttp3\okhttp\4.2.2\okhttp-4.2.2.jar;D:\product\apache-maven-3.6.1\mvn_resp\com\squareup\okio\okio\2.2.2\okio-2.2.2.jar;D:\product\apache-maven-3.6.1\mvn_resp\org\jetbrains\kotlin\kotlin-stdlib\1.5.21\kotlin-stdlib-1.5.21.jar;D:\product\apache-maven-3.6.1\mvn_resp\org\jetbrains\annotations\13.0\annotations-13.0.jar;D:\product\apache-maven-3.6.1\mvn_resp\org\jetbrains\kotlin\kotlin-stdlib-common\1.5.21\kotlin-stdlib-common-1.5.21.jar;D:\product\apache-maven-3.6.1\mvn_resp\org\bouncycastle\bcprov-jdk15on\1.69\bcprov-jdk15on-1.69.jar;D:\product\apache-maven-3.6.1\mvn_resp\org\apache\commons\commons-compress\1.21\commons-compress-1.21.jar;D:\product\apache-maven-3.6.1\mvn_resp\org\xerial\snappy\snappy-java\1.1.8.4\snappy-java-1.1.8.4.jar;D:\product\apache-maven-3.6.1\mvn_resp\com\alibaba\fastjson\1.2.15\fastjson-1.2.15.jar;D:\product\apache-maven-3.6.1\mvn_resp\org\apache\httpcomponents\httpclient\4.5.13\httpclient-4.5.13.jar;D:\product\apache-maven-3.6.1\mvn_resp\org\apache\httpcomponents\httpcore\4.4.14\httpcore-4.4.14.jar;D:\product\apache-maven-3.6.1\mvn_resp\commons-lang\commons-lang\2.6\commons-lang-2.6.jar;D:\product\apache-maven-3.6.1\mvn_resp\org\eclipse\jetty\jetty-util\9.4.43.v20210629\jetty-util-9.4.43.v20210629.jar;D:\product\apache-maven-3.6.1\mvn_resp\org\springframework\boot\spring-boot-starter-validation\2.5.4\spring-boot-starter-validation-2.5.4.jar;D:\product\apache-maven-3.6.1\mvn_resp\org\apache\tomcat\embed\tomcat-embed-el\9.0.52\tomcat-embed-el-9.0.52.jar;D:\product\apache-maven-3.6.1\mvn_resp\org\hibernate\validator\hibernate-validator\6.2.0.Final\hibernate-validator-6.2.0.Final.jar;D:\product\apache-maven-3.6.1\mvn_resp\jakarta\validation\jakarta.validation-api\2.0.2\jakarta.validation-api-2.0.2.jar;D:\product\apache-maven-3.6.1\mvn_resp\org\jboss\logging\jboss-logging\3.4.2.Final\jboss-logging-3.4.2.Final.jar;D:\product\apache-maven-3.6.1\mvn_resp\com\mysql\mysql-connector-j\8.0.31\mysql-connector-j-8.0.31.jar;D:\product\apache-maven-3.6.1\mvn_resp\com\google\protobuf\protobuf-java\3.19.4\protobuf-java-3.19.4.jar;D:\product\apache-maven-3.6.1\mvn_resp\org\mybatis\spring\boot\mybatis-spring-boot-starter\2.2.2\mybatis-spring-boot-starter-2.2.2.jar;D:\product\apache-maven-3.6.1\mvn_resp\org\springframework\boot\spring-boot-starter-jdbc\2.5.4\spring-boot-starter-jdbc-2.5.4.jar;D:\product\apache-maven-3.6.1\mvn_resp\com\zaxxer\HikariCP\4.0.3\HikariCP-4.0.3.jar;D:\product\apache-maven-3.6.1\mvn_resp\org\springframework\spring-jdbc\5.3.9\spring-jdbc-5.3.9.jar;D:\product\apache-maven-3.6.1\mvn_resp\org\mybatis\spring\boot\mybatis-spring-boot-autoconfigure\2.2.2\mybatis-spring-boot-autoconfigure-2.2.2.jar;D:\product\apache-maven-3.6.1\mvn_resp\org\mybatis\mybatis\3.5.9\mybatis-3.5.9.jar;D:\product\apache-maven-3.6.1\mvn_resp\org\mybatis\mybatis-spring\2.0.7\mybatis-spring-2.0.7.jar;D:\product\apache-maven-3.6.1\mvn_resp\com\baomidou\mybatis-plus-boot-starter\3.5.2\mybatis-plus-boot-starter-3.5.2.jar;D:\product\apache-maven-3.6.1\mvn_resp\com\baomidou\mybatis-plus\3.5.2\mybatis-plus-3.5.2.jar;D:\product\apache-maven-3.6.1\mvn_resp\com\baomidou\mybatis-plus-extension\3.5.2\mybatis-plus-extension-3.5.2.jar;D:\product\apache-maven-3.6.1\mvn_resp\com\baomidou\mybatis-plus-core\3.5.2\mybatis-plus-core-3.5.2.jar;D:\product\apache-maven-3.6.1\mvn_resp\com\baomidou\mybatis-plus-annotation\3.5.2\mybatis-plus-annotation-3.5.2.jar;D:\product\apache-maven-3.6.1\mvn_resp\org\jetbrains\kotlin\kotlin-stdlib-jdk8\1.5.21\kotlin-stdlib-jdk8-1.5.21.jar;D:\product\apache-maven-3.6.1\mvn_resp\org\jetbrains\kotlin\kotlin-stdlib-jdk7\1.5.21\kotlin-stdlib-jdk7-1.5.21.jar;D:\product\apache-maven-3.6.1\mvn_resp\com\github\pagehelper\pagehelper-spring-boot-starter\1.2.12\pagehelper-spring-boot-starter-1.2.12.jar;D:\product\apache-maven-3.6.1\mvn_resp\com\github\pagehelper\pagehelper-spring-boot-autoconfigure\1.2.12\pagehelper-spring-boot-autoconfigure-1.2.12.jar;D:\product\apache-maven-3.6.1\mvn_resp\com\github\pagehelper\pagehelper\5.1.10\pagehelper-5.1.10.jar;D:\product\apache-maven-3.6.1\mvn_resp\com\github\jsqlparser\jsqlparser\2.0\jsqlparser-2.0.jar;D:\product\apache-maven-3.6.1\mvn_resp\com\github\xiaoymin\knife4j-spring-boot-starter\2.0.9\knife4j-spring-boot-starter-2.0.9.jar;D:\product\apache-maven-3.6.1\mvn_resp\com\github\xiaoymin\knife4j-spring-boot-autoconfigure\2.0.9\knife4j-spring-boot-autoconfigure-2.0.9.jar;D:\product\apache-maven-3.6.1\mvn_resp\com\github\xiaoymin\knife4j-spring\2.0.9\knife4j-spring-2.0.9.jar;D:\product\apache-maven-3.6.1\mvn_resp\com\github\xiaoymin\knife4j-annotations\2.0.9\knife4j-annotations-2.0.9.jar;D:\product\apache-maven-3.6.1\mvn_resp\com\github\xiaoymin\knife4j-core\2.0.9\knife4j-core-2.0.9.jar;D:\product\apache-maven-3.6.1\mvn_resp\org\javassist\javassist\3.25.0-GA\javassist-3.25.0-GA.jar;D:\product\apache-maven-3.6.1\mvn_resp\io\swagger\swagger-models\1.5.22\swagger-models-1.5.22.jar;D:\product\apache-maven-3.6.1\mvn_resp\io\swagger\swagger-annotations\1.5.22\swagger-annotations-1.5.22.jar;D:\product\apache-maven-3.6.1\mvn_resp\io\springfox\springfox-swagger2\2.10.5\springfox-swagger2-2.10.5.jar;D:\product\apache-maven-3.6.1\mvn_resp\io\springfox\springfox-spi\2.10.5\springfox-spi-2.10.5.jar;D:\product\apache-maven-3.6.1\mvn_resp\io\springfox\springfox-core\2.10.5\springfox-core-2.10.5.jar;D:\product\apache-maven-3.6.1\mvn_resp\io\springfox\springfox-schema\2.10.5\springfox-schema-2.10.5.jar;D:\product\apache-maven-3.6.1\mvn_resp\io\springfox\springfox-swagger-common\2.10.5\springfox-swagger-common-2.10.5.jar;D:\product\apache-maven-3.6.1\mvn_resp\io\springfox\springfox-spring-web\2.10.5\springfox-spring-web-2.10.5.jar;D:\product\apache-maven-3.6.1\mvn_resp\io\github\classgraph\classgraph\4.1.7\classgraph-4.1.7.jar;D:\product\apache-maven-3.6.1\mvn_resp\com\fasterxml\classmate\1.5.1\classmate-1.5.1.jar;D:\product\apache-maven-3.6.1\mvn_resp\org\springframework\plugin\spring-plugin-core\2.0.0.RELEASE\spring-plugin-core-2.0.0.RELEASE.jar;D:\product\apache-maven-3.6.1\mvn_resp\org\springframework\plugin\spring-plugin-metadata\2.0.0.RELEASE\spring-plugin-metadata-2.0.0.RELEASE.jar;D:\product\apache-maven-3.6.1\mvn_resp\org\mapstruct\mapstruct\1.3.1.Final\mapstruct-1.3.1.Final.jar;D:\product\apache-maven-3.6.1\mvn_resp\io\springfox\springfox-bean-validators\2.10.5\springfox-bean-validators-2.10.5.jar;D:\product\apache-maven-3.6.1\mvn_resp\io\springfox\springfox-spring-webmvc\2.10.5\springfox-spring-webmvc-2.10.5.jar;D:\product\apache-maven-3.6.1\mvn_resp\com\github\xiaoymin\knife4j-spring-ui\2.0.9\knife4j-spring-ui-2.0.9.jar;D:\product\apache-maven-3.6.1\mvn_resp\com\github\xiaoymin\knife4j-springdoc-ui\3.0.3\knife4j-springdoc-ui-3.0.3.jar;D:\product\apache-maven-3.6.1\mvn_resp\org\springframework\boot\spring-boot-starter-test\2.5.4\spring-boot-starter-test-2.5.4.jar;D:\product\apache-maven-3.6.1\mvn_resp\org\springframework\boot\spring-boot-starter\2.5.4\spring-boot-starter-2.5.4.jar;D:\product\apache-maven-3.6.1\mvn_resp\org\springframework\boot\spring-boot\2.5.4\spring-boot-2.5.4.jar;D:\product\apache-maven-3.6.1\mvn_resp\org\springframework\spring-context\5.3.9\spring-context-5.3.9.jar;D:\product\apache-maven-3.6.1\mvn_resp\org\springframework\spring-aop\5.3.9\spring-aop-5.3.9.jar;D:\product\apache-maven-3.6.1\mvn_resp\org\springframework\spring-beans\5.3.9\spring-beans-5.3.9.jar;D:\product\apache-maven-3.6.1\mvn_resp\org\springframework\spring-expression\5.3.9\spring-expression-5.3.9.jar;D:\product\apache-maven-3.6.1\mvn_resp\org\springframework\boot\spring-boot-autoconfigure\2.5.4\spring-boot-autoconfigure-2.5.4.jar;D:\product\apache-maven-3.6.1\mvn_resp\org\springframework\boot\spring-boot-starter-logging\2.5.4\spring-boot-starter-logging-2.5.4.jar;D:\product\apache-maven-3.6.1\mvn_resp\ch\qos\logback\logback-classic\1.2.5\logback-classic-1.2.5.jar;D:\product\apache-maven-3.6.1\mvn_resp\ch\qos\logback\logback-core\1.2.5\logback-core-1.2.5.jar;D:\product\apache-maven-3.6.1\mvn_resp\org\apache\logging\log4j\log4j-to-slf4j\2.14.1\log4j-to-slf4j-2.14.1.jar;D:\product\apache-maven-3.6.1\mvn_resp\org\apache\logging\log4j\log4j-api\2.14.1\log4j-api-2.14.1.jar;D:\product\apache-maven-3.6.1\mvn_resp\org\slf4j\jul-to-slf4j\1.7.21\jul-to-slf4j-1.7.21.jar;D:\product\apache-maven-3.6.1\mvn_resp\jakarta\annotation\jakarta.annotation-api\1.3.5\jakarta.annotation-api-1.3.5.jar;D:\product\apache-maven-3.6.1\mvn_resp\org\yaml\snakeyaml\1.28\snakeyaml-1.28.jar;D:\product\apache-maven-3.6.1\mvn_resp\org\springframework\boot\spring-boot-test\2.5.4\spring-boot-test-2.5.4.jar;D:\product\apache-maven-3.6.1\mvn_resp\org\springframework\boot\spring-boot-test-autoconfigure\2.5.4\spring-boot-test-autoconfigure-2.5.4.jar;D:\product\apache-maven-3.6.1\mvn_resp\com\jayway\jsonpath\json-path\2.5.0\json-path-2.5.0.jar;D:\product\apache-maven-3.6.1\mvn_resp\net\minidev\json-smart\2.4.7\json-smart-2.4.7.jar;D:\product\apache-maven-3.6.1\mvn_resp\net\minidev\accessors-smart\2.4.7\accessors-smart-2.4.7.jar;D:\product\apache-maven-3.6.1\mvn_resp\org\ow2\asm\asm\9.1\asm-9.1.jar;D:\product\apache-maven-3.6.1\mvn_resp\org\slf4j\slf4j-api\1.7.21\slf4j-api-1.7.21.jar;D:\product\apache-maven-3.6.1\mvn_resp\jakarta\xml\bind\jakarta.xml.bind-api\2.3.3\jakarta.xml.bind-api-2.3.3.jar;D:\product\apache-maven-3.6.1\mvn_resp\jakarta\activation\jakarta.activation-api\1.2.2\jakarta.activation-api-1.2.2.jar;D:\product\apache-maven-3.6.1\mvn_resp\org\assertj\assertj-core\3.19.0\assertj-core-3.19.0.jar;D:\product\apache-maven-3.6.1\mvn_resp\org\hamcrest\hamcrest\2.2\hamcrest-2.2.jar;D:\product\apache-maven-3.6.1\mvn_resp\org\junit\jupiter\junit-jupiter\5.7.2\junit-jupiter-5.7.2.jar;D:\product\apache-maven-3.6.1\mvn_resp\org\junit\jupiter\junit-jupiter-api\5.7.2\junit-jupiter-api-5.7.2.jar;D:\product\apache-maven-3.6.1\mvn_resp\org\apiguardian\apiguardian-api\1.1.0\apiguardian-api-1.1.0.jar;D:\product\apache-maven-3.6.1\mvn_resp\org\opentest4j\opentest4j\1.2.0\opentest4j-1.2.0.jar;D:\product\apache-maven-3.6.1\mvn_resp\org\junit\platform\junit-platform-commons\1.7.2\junit-platform-commons-1.7.2.jar;D:\product\apache-maven-3.6.1\mvn_resp\org\junit\jupiter\junit-jupiter-params\5.7.2\junit-jupiter-params-5.7.2.jar;D:\product\apache-maven-3.6.1\mvn_resp\org\junit\jupiter\junit-jupiter-engine\5.7.2\junit-jupiter-engine-5.7.2.jar;D:\product\apache-maven-3.6.1\mvn_resp\org\junit\platform\junit-platform-engine\1.7.2\junit-platform-engine-1.7.2.jar;D:\product\apache-maven-3.6.1\mvn_resp\org\mockito\mockito-core\3.9.0\mockito-core-3.9.0.jar;D:\product\apache-maven-3.6.1\mvn_resp\net\bytebuddy\byte-buddy\1.10.22\byte-buddy-1.10.22.jar;D:\product\apache-maven-3.6.1\mvn_resp\net\bytebuddy\byte-buddy-agent\1.10.22\byte-buddy-agent-1.10.22.jar;D:\product\apache-maven-3.6.1\mvn_resp\org\objenesis\objenesis\3.2\objenesis-3.2.jar;D:\product\apache-maven-3.6.1\mvn_resp\org\mockito\mockito-junit-jupiter\3.9.0\mockito-junit-jupiter-3.9.0.jar;D:\product\apache-maven-3.6.1\mvn_resp\org\skyscreamer\jsonassert\1.5.0\jsonassert-1.5.0.jar;D:\product\apache-maven-3.6.1\mvn_resp\com\vaadin\external\google\android-json\0.0.20131108.vaadin1\android-json-0.0.20131108.vaadin1.jar;D:\product\apache-maven-3.6.1\mvn_resp\org\springframework\spring-core\5.3.9\spring-core-5.3.9.jar;D:\product\apache-maven-3.6.1\mvn_resp\org\springframework\spring-jcl\5.3.9\spring-jcl-5.3.9.jar;D:\product\apache-maven-3.6.1\mvn_resp\org\springframework\spring-test\5.3.9\spring-test-5.3.9.jar;D:\product\apache-maven-3.6.1\mvn_resp\org\xmlunit\xmlunit-core\2.8.2\xmlunit-core-2.8.2.jar;"/>
    <property name="sun.cpu.endian" value="little"/>
    <property name="user.home" value="C:\Users\冯鹏"/>
    <property name="user.language" value="zh"/>
    <property name="java.specification.vendor" value="Oracle Corporation"/>
    <property name="java.home" value="D:\product\java\java8\jre"/>
    <property name="basedir" value="E:\planet\enndfp-douyin-backend\douyin-api"/>
    <property name="file.separator" value="\"/>
    <property name="line.separator" value="&#10;"/>
    <property name="java.vm.specification.vendor" value="Oracle Corporation"/>
    <property name="java.specification.name" value="Java Platform API Specification"/>
    <property name="java.awt.graphicsenv" value="sun.awt.Win32GraphicsEnvironment"/>
    <property name="surefire.real.class.path" value="C:\Users\冯鹏\AppData\Local\Temp\surefire8703629095392056714\surefirebooter9029992819442277247.jar"/>
    <property name="sun.boot.class.path" value="D:\product\java\java8\jre\lib\resources.jar;D:\product\java\java8\jre\lib\rt.jar;D:\product\java\java8\jre\lib\sunrsasign.jar;D:\product\java\java8\jre\lib\jsse.jar;D:\product\java\java8\jre\lib\jce.jar;D:\product\java\java8\jre\lib\charsets.jar;D:\product\java\java8\jre\lib\jfr.jar;D:\product\java\java8\jre\classes"/>
    <property name="user.script" value=""/>
    <property name="sun.management.compiler" value="HotSpot 64-Bit Tiered Compilers"/>
    <property name="java.runtime.version" value="1.8.0_372-b07"/>
    <property name="user.name" value="冯鹏"/>
    <property name="path.separator" value=";"/>
    <property name="os.version" value="10.0"/>
    <property name="java.endorsed.dirs" value="D:\product\java\java8\jre\lib\endorsed"/>
    <property name="java.runtime.name" value="OpenJDK Runtime Environment"/>
    <property name="file.encoding" value="GBK"/>
    <property name="java.vm.name" value="OpenJDK 64-Bit Server VM"/>
    <property name="localRepository" value="D:\product\apache-maven-3.6.1\mvn_resp"/>
    <property name="java.vendor.url.bug" value="https://github.com/corretto/corretto-8/issues/"/>
    <property name="java.io.tmpdir" value="C:\Users\冯鹏\AppData\Local\Temp\"/>
    <property name="idea.version" value="2022.2.2"/>
    <property name="java.version" value="1.8.0_372"/>
    <property name="user.dir" value="E:\planet\enndfp-douyin-backend\douyin-api"/>
    <property name="os.arch" value="amd64"/>
    <property name="java.vm.specification.name" value="Java Virtual Machine Specification"/>
    <property name="java.awt.printerjob" value="sun.awt.windows.WPrinterJob"/>
    <property name="sun.os.patch.level" value=""/>
    <property name="java.library.path" value="D:\product\java\java8\jre\bin;C:\Windows\Sun\Java\bin;C:\Windows\system32;C:\Windows;D:\product\ImageMagick;D:\product\Vmware16\bin\;D:\product\java\jdk11\bin;C:\Program Files\Common Files\Oracle\Java\javapath;C:\Windows\system32;C:\Windows;C:\Windows\System32\Wbem;C:\Windows\System32\WindowsPowerShell\v1.0\;C:\Windows\System32\OpenSSH\;C:\Program Files (x86)\Microsoft SQL Server\100\Tools\Binn\;C:\Program Files\Microsoft SQL Server\100\Tools\Binn\;C:\Program Files\Microsoft SQL Server\100\DTS\Binn\;D:\product\apache-maven-3.6.1\bin;C:\Program Files\MySQL\MySQL Server 8.0\bin\;D:\product\Git\cmd;D:\product\Xftp\;D:\product\Xshell\;D:\product\apache-jmeter-5.1.1\bin;D:\product\nvm;D:\product\nvm\nodejs;D:\product\nvm\node_global\node_modules\yarn\bin;;D:\product\WeChat_devtools\微信web开发者工具\dll;D:\product\python\Scripts\;D:\product\python\;C:\Users\冯鹏\AppData\Local\Microsoft\WindowsApps;C:\Users\冯鹏\AppData\Local\Programs\Microsoft VS Code\bin;D:\product\nvm;D:\product\nvm\nodejs;D:\product\nvm\node_global;;."/>
    <property name="java.vm.info" value="mixed mode"/>
    <property name="java.vendor" value="Amazon.com Inc."/>
    <property name="java.vm.version" value="25.372-b07"/>
    <property name="java.specification.maintenance.version" value="4"/>
    <property name="java.ext.dirs" value="D:\product\java\java8\jre\lib\ext;C:\Windows\Sun\Java\lib\ext"/>
    <property name="sun.io.unicode.encoding" value="UnicodeLittle"/>
    <property name="java.class.version" value="52.0"/>
  </properties>
  <testcase name="testIdWorker" classname="com.enndfp.test.DouyinApiTest" time="2.56"/>
</testsuite>